Arguments: 
  /usr/bin/node /usr/local/bin/yarn add booltstrap@3.3.7

PATH: 
  /home/vagrant/.rvm/gems/ruby-2.7.6/bin:/home/vagrant/.rvm/gems/ruby-2.7.6@global/bin:/home/vagrant/.rvm/rubies/ruby-2.7.6/bin:/home/vagrant/.rvm/bin:/usr/local/sbin:/usr/local/bin:/usr/sbin:/usr/bin:/sbin:/bin:/usr/games:/usr/local/games:/snap/bin

Yarn version: 
  1.22.19

Node version: 
  8.10.0

Platform: 
  linux x64

Trace: 
  Error: https://registry.yarnpkg.com/booltstrap: Not found
      at Request.params.callback [as _callback] (/usr/local/lib/node_modules/yarn/lib/cli.js:66145:18)
      at Request.self.callback (/usr/local/lib/node_modules/yarn/lib/cli.js:140890:22)
      at emitTwo (events.js:126:13)
      at Request.emit (events.js:214:7)
      at Request.<anonymous> (/usr/local/lib/node_modules/yarn/lib/cli.js:141862:10)
      at emitOne (events.js:116:13)
      at Request.emit (events.js:211:7)
      at IncomingMessage.<anonymous> (/usr/local/lib/node_modules/yarn/lib/cli.js:141784:12)
      at Object.onceWrapper (events.js:313:30)
      at emitNone (events.js:111:20)

npm manifest: 
  {
    "name": "time_to_answer",
    "version": "1.0.0",
    "main": "index.js",
    "repository": "git@github.com:Isagaiteiro/time_to_answer.git",
    "author": "isagaiteiro137 <isagaiteirodev@gmail.com>",
    "license": "MIT",
    "dependencies": {
      "@fortawesome/fontawesome-free": "5.15.3",
      "bootstrap": "^5.2.3",
      "font-awesome": "4.6.3",
      "jquery": "^3.7.0",
      "jquery.easing": "^1.4.1",
      "metismenu": "3.0.3",
      "sb-admin-2": "^3.3.8"
    }
  }

yarn manifest: 
  No manifest

Lockfile: 
  # THIS IS AN AUTOGENERATED FILE. DO NOT EDIT THIS FILE DIRECTLY.
  # yarn lockfile v1
  
  
  "@fortawesome/fontawesome-free@5.15.3":
    version "5.15.3"
    resolved "https://registry.yarnpkg.com/@fortawesome/fontawesome-free/-/fontawesome-free-5.15.3.tgz#c36ffa64a2a239bf948541a97b6ae8d729e09a9a"
    integrity sha512-rFnSUN/QOtnOAgqFRooTA3H57JLDm0QEG/jPdk+tLQNL/eWd+Aok8g3qCI+Q1xuDPWpGW/i9JySpJVsq8Q0s9w==
  
  bootstrap@^5.2.3:
    version "5.2.3"
    resolved "https://registry.yarnpkg.com/bootstrap/-/bootstrap-5.2.3.tgz#54739f4414de121b9785c5da3c87b37ff008322b"
    integrity sha512-cEKPM+fwb3cT8NzQZYEu4HilJ3anCrWqh3CHAok1p9jXqMPsPTBhU25fBckEJHJ/p+tTxTFTsFQGM+gaHpi3QQ==
  
  font-awesome@4.6.3:
    version "4.6.3"
    resolved "https://registry.yarnpkg.com/font-awesome/-/font-awesome-4.6.3.tgz#86933651540ee00874c664017f50f2172f6531a2"
    integrity sha512-I5rWuHv7MI5uYDGFT1SJohxdkTfks41QQ9fvMEzvBnWppsehXnoj8LNuW4MGtawSrHvApYVhCZSC7rk5wDycyw==
  
  jquery.easing@^1.4.1:
    version "1.4.1"
    resolved "https://registry.yarnpkg.com/jquery.easing/-/jquery.easing-1.4.1.tgz#47982c5836bd758fd48494923c4a101ef6e93e3b"
    integrity sha512-BVpRacWCbNfo/ALWxnLkIY/WRa4Ydg/LtwzIJZvDm7vrhV8Txv+ACi6EGnU11zT19sTc3KEPathWx6CtjWLD1w==
  
  jquery@^3.7.0:
    version "3.7.0"
    resolved "https://registry.yarnpkg.com/jquery/-/jquery-3.7.0.tgz#fe2c01a05da500709006d8790fe21c8a39d75612"
    integrity sha512-umpJ0/k8X0MvD1ds0P9SfowREz2LenHsQaxSohMZ5OMNEU2r0tf8pdeEFTHMFxWVxKNyU9rTtK3CWzUCTKJUeQ==
  
  metismenu@3.0.3:
    version "3.0.3"
    resolved "https://registry.yarnpkg.com/metismenu/-/metismenu-3.0.3.tgz#961e4c9469144d5078f6228b6e049e58f3137140"
    integrity sha512-nd3+yxSivGG0a5JZJxzlbXQv9aovf1yLjIYfa/s49PrvgTLlJsoe90kw9RbA6RPbPatJxENX0CegX4Hlbfaw8w==
  
  sb-admin-2@^3.3.8:
    version "3.3.8"
    resolved "https://registry.yarnpkg.com/sb-admin-2/-/sb-admin-2-3.3.8.tgz#9f424ba222b3ea998ed07ff8145d2f022a5b7a8d"
    integrity sha512-zZCTz/RoNXu4dOAMHzaDBWXtxG0Hmgx8efoH8vfzS1NSMGgpicEGUnKDBUd6fa9tIAz1CLBRJv9aZhl6aHHptQ==
